c:\users\chenzhi\documents\github\mystudyproject\project1\project1\debug\vc141.pdb
c:\users\chenzhi\documents\github\mystudyproject\project1\project1\debug\vc141.idb
c:\users\chenzhi\documents\github\mystudyproject\project1\project1\debug\test01.obj
c:\users\chenzhi\documents\github\mystudyproject\project1\project1\debug\stringvectorarray_3_.obj
c:\users\chenzhi\documents\github\mystudyproject\project1\project1\debug\sentence_5.obj
c:\users\chenzhi\documents\github\mystudyproject\project1\project1\debug\myclass1_5.obj
c:\users\chenzhi\documents\github\mystudyproject\project1\project1\debug\function_6.obj
c:\users\chenzhi\documents\github\mystudyproject\project1\project1\debug\expression_4.obj
c:\users\chenzhi\documents\github\mystudyproject\project1\project1\debug\datetype2_.obj
c:\users\chenzhi\documents\github\mystudyproject\project1\project1\debug\myclass_7.obj
c:\users\chenzhi\documents\github\mystudyproject\project1\debug\project1.pdb
c:\users\chenzhi\documents\github\mystudyproject\project1\project1\debug\project1.tlog\cl.command.1.tlog
c:\users\chenzhi\documents\github\mystudyproject\project1\project1\debug\project1.tlog\cl.read.1.tlog
c:\users\chenzhi\documents\github\mystudyproject\project1\project1\debug\project1.tlog\cl.write.1.tlog
c:\users\chenzhi\documents\github\mystudyproject\project1\project1\debug\project1.tlog\link-cvtres.read.1.tlog
c:\users\chenzhi\documents\github\mystudyproject\project1\project1\debug\project1.tlog\link-cvtres.write.1.tlog
c:\users\chenzhi\documents\github\mystudyproject\project1\project1\debug\project1.tlog\link-rc.read.1.tlog
c:\users\chenzhi\documents\github\mystudyproject\project1\project1\debug\project1.tlog\link-rc.write.1.tlog
c:\users\chenzhi\documents\github\mystudyproject\project1\project1\debug\project1.tlog\link.6708-cvtres.read.1.tlog
c:\users\chenzhi\documents\github\mystudyproject\project1\project1\debug\project1.tlog\link.6708-cvtres.write.1.tlog
c:\users\chenzhi\documents\github\mystudyproject\project1\project1\debug\project1.tlog\link.6708-rc.read.1.tlog
c:\users\chenzhi\documents\github\mystudyproject\project1\project1\debug\project1.tlog\link.6708-rc.write.1.tlog
c:\users\chenzhi\documents\github\mystudyproject\project1\project1\debug\project1.tlog\link.6708.read.1.tlog
c:\users\chenzhi\documents\github\mystudyproject\project1\project1\debug\project1.tlog\link.6708.write.1.tlog
c:\users\chenzhi\documents\github\mystudyproject\project1\project1\debug\project1.tlog\link.command.1.tlog
c:\users\chenzhi\documents\github\mystudyproject\project1\project1\debug\project1.tlog\link.read.1.tlog
c:\users\chenzhi\documents\github\mystudyproject\project1\project1\debug\project1.tlog\link.write.1.tlog
